       Fresh unicode-xid v0.2.2
       Fresh version_check v0.9.4
       Fresh once_cell v1.10.0
       Fresh cfg-if v1.0.0
       Fresh maplit v1.0.2
       Fresh regex-syntax v0.6.25
warning: field is never read: `printer`
  --> /usr/local/cargo/registry/src/github.com-1ecc6299db9ec823/regex-syntax-0.6.25/src/ast/print.rs:66:5
   |
66 |     printer: &'p mut Printer,
   |     ^^^^^^^^^^^^^^^^^^^^^^^^
   |
   = note: `#[warn(dead_code)]` on by default

warning: field is never read: `printer`
  --> /usr/local/cargo/registry/src/github.com-1ecc6299db9ec823/regex-syntax-0.6.25/src/hir/print.rs:74:5
   |
74 |     printer: &'p mut Printer,
   |     ^^^^^^^^^^^^^^^^^^^^^^^^

       Fresh dlv-list v0.3.0
warning: `regex-syntax` (lib) generated 2 warnings
       Fresh ucd-trie v0.1.3
       Fresh remove_dir_all v0.5.3
       Fresh ryu v1.0.9
       Fresh bitflags v1.3.2
       Fresh linked-hash-map v0.5.4
       Fresh base64 v0.13.0
       Fresh minimal-lexical v0.2.1
       Fresh unicode-width v0.1.9
       Fresh itoa v1.0.1
       Fresh zeroize v1.5.4
       Fresh lazy_static v1.4.0
       Fresh pathdiff v0.2.1
       Fresh instant v0.1.12
warning: unused import: `std::cmp::Ordering`
 --> /usr/local/cargo/registry/src/github.com-1ecc6299db9ec823/instant-0.1.12/src/wasm.rs:1:5
  |
1 | use std::cmp::Ordering;
  |     ^^^^^^^^^^^^^^^^^^
  |
  = note: `#[warn(unused_imports)]` on by default

warning: `instant` (lib) generated 1 warning
       Fresh regex v1.5.5
warning: field is never read: `dfa`
  --> /usr/local/cargo/registry/src/github.com-1ecc6299db9ec823/regex-1.5.5/src/exec.rs:81:5
   |
81 |     dfa: Program,
   |     ^^^^^^^^^^^^
   |
   = note: `#[warn(dead_code)]` on by default

warning: field is never read: `dfa_reverse`
  --> /usr/local/cargo/registry/src/github.com-1ecc6299db9ec823/regex-1.5.5/src/exec.rs:85:5
   |
85 |     dfa_reverse: Program,
   |     ^^^^^^^^^^^^^^^^^^^^

warning: field is never read: `suffixes`
  --> /usr/local/cargo/registry/src/github.com-1ecc6299db9ec823/regex-1.5.5/src/exec.rs:90:5
   |
90 |     suffixes: LiteralSearcher,
   |     ^^^^^^^^^^^^^^^^^^^^^^^^^

       Fresh pest v2.1.3
warning: `regex` (lib) generated 3 warnings
       Fresh yaml-rust v0.4.5
warning: field is never read: `marks`
  --> /usr/local/cargo/registry/src/github.com-1ecc6299db9ec823/yaml-rust-0.4.5/src/parser.rs:70:5
   |
70 |     marks: Vec<Marker>,
   |     ^^^^^^^^^^^^^^^^^^
   |
   = note: `#[warn(dead_code)]` on by default

       Fresh proc-macro2 v1.0.36
warning: `yaml-rust` (lib) generated 1 warning
       Fresh pest_meta v2.1.3
       Fresh fastrand v1.7.0
       Fresh libc v0.2.121
       Fresh memchr v2.4.1
       Fresh quote v1.0.17
       Fresh ahash v0.7.6
warning: unused import: `crate::operations::folded_multiply`
 --> /usr/local/cargo/registry/src/github.com-1ecc6299db9ec823/ahash-0.7.6/src/fallback_hash.rs:2:5
  |
2 | use crate::operations::folded_multiply;
  |     ^^^^^^^^^^^^^^^^^^^^^^^^^^^^^^^^^^
  |
  = note: `#[warn(unused_imports)]` on by default

warning: unused import: `crate::fallback_hash::*`
  --> /usr/local/cargo/registry/src/github.com-1ecc6299db9ec823/ahash-0.7.6/src/random_state.rs:46:5
   |
46 | use crate::fallback_hash::*;
   |     ^^^^^^^^^^^^^^^^^^^^^^^

warning: constant is never used: `ROT`
  --> /usr/local/cargo/registry/src/github.com-1ecc6299db9ec823/ahash-0.7.6/src/fallback_hash.rs:10:1
   |
10 | const ROT: u32 = 23; //17
   | ^^^^^^^^^^^^^^^^^^^^
   |
   = note: `#[warn(dead_code)]` on by default

warning: function is never used: `folded_multiply`
  --> /usr/local/cargo/registry/src/github.com-1ecc6299db9ec823/ahash-0.7.6/src/operations.rs:11:21
   |
11 | pub(crate) const fn folded_multiply(s: u64, by: u64) -> u64 {
   |                     ^^^^^^^^^^^^^^^

warning: associated function is never used: `default`
  --> /usr/local/cargo/registry/src/github.com-1ecc6299db9ec823/ahash-0.7.6/src/random_state.rs:86:14
   |
86 |     const fn default() -> DefaultRandomSource {
   |              ^^^^^^^

warning: `ahash` (lib) generated 5 warnings
       Fresh tempfile v3.3.0
warning: unused variable: `open_options`
  --> /usr/local/cargo/registry/src/github.com-1ecc6299db9ec823/tempfile-3.3.0/src/file/imp/other.rs:12:35
   |
12 | pub fn create_named(_path: &Path, open_options: &mut OpenOptions) -> io::Result<File> {
   |                                   ^^^^^^^^^^^^ help: if this is intentional, prefix it with an underscore: `_open_options`
   |
   = note: `#[warn(unused_variables)]` on by default

warning: unused variable: `path`
  --> /usr/local/cargo/registry/src/github.com-1ecc6299db9ec823/tempfile-3.3.0/src/file/imp/other.rs:28:13
   |
28 | pub fn keep(path: &Path) -> io::Result<()> {
   |             ^^^^ help: if this is intentional, prefix it with an underscore: `_path`

       Fresh terminal_size v0.1.17
warning: `tempfile` (lib) generated 2 warnings
       Fresh nom v7.1.0
       Fresh syn v1.0.90
       Fresh hashbrown v0.12.0
       Fresh console v0.15.0
       Fresh serde_derive v1.0.136
       Fresh pest_generator v2.1.3
       Fresh async-trait v0.1.53
       Fresh ordered-multimap v0.4.3
       Fresh dialoguer v0.10.0
       Fresh serde v1.0.136
       Fresh pest_derive v2.1.0
       Fresh rust-ini v0.18.0
       Fresh serde_json v1.0.79
       Fresh ron v0.7.0
       Fresh toml v0.5.8
       Fresh json5 v0.4.1
warning: missing documentation for a struct
   --> /usr/local/cargo/registry/src/github.com-1ecc6299db9ec823/json5-0.4.1/src/de.rs:26:1
    |
26  | pub struct Deserializer<'de> {
    | ^^^^^^^^^^^^^^^^^^^^^^^^^^^^
    |
note: the lint level is defined here
   --> /usr/local/cargo/registry/src/github.com-1ecc6299db9ec823/json5-0.4.1/src/lib.rs:181:9
    |
181 | #![warn(missing_docs)]
    |         ^^^^^^^^^^^^

warning: `json5` (lib) generated 1 warning
       Fresh config v0.13.0
       Fresh my-project v0.1.0 (/workspaces/Writing-a-parser-for-.d.ts-files)
warning: unused variable: `choose_file_option_text`
  --> src/main.rs:82:9
   |
82 |     let choose_file_option_text = format!("Choose a file to parse: ({})", style(hash_config.get("default_parse_file").unwrap()).cyan().bo...
   |         ^^^^^^^^^^^^^^^^^^^^^^^ help: if this is intentional, prefix it with an underscore: `_choose_file_option_text`
   |
   = note: `#[warn(unused_variables)]` on by default

warning: unused variable: `file`
   --> src/main.rs:147:38
    |
147 | fn use_cargo_to_compile_file_to_wasm(file: String) {
    |                                      ^^^^ help: if this is intentional, prefix it with an underscore: `_file`

warning: unused variable: `my_type`
   --> src/main.rs:212:21
    |
212 |     fn is_primative(my_type: &Type) -> bool {
    |                     ^^^^^^^ help: if this is intentional, prefix it with an underscore: `_my_type`

warning: field is never read: `edges`
   --> src/main.rs:165:5
    |
165 |     edges: Vec<(String, String)>,
    |     ^^^^^^^^^^^^^^^^^^^^^^^^^^^^
    |
    = note: `#[warn(dead_code)]` on by default

warning: field is never read: `elemental_types`
   --> src/main.rs:166:5
    |
166 |     elemental_types: HashSet<Type>,
    |     ^^^^^^^^^^^^^^^^^^^^^^^^^^^^^^

warning: `my-project` (bin "my-project") generated 5 warnings
    Finished dev [unoptimized + debuginfo] target(s) in 0.01s
